<?xml version="1.0" encoding="UTF-8"?>
<!-- Generated by org.testng.reporters.JUnitXMLReporter -->
<testsuite ignored="0" hostname="Aravinds-MacBook-Air.local" failures="0" tests="6" name="Default test" time="6.852" errors="0" timestamp="2025-11-11T20:59:16 IST">
  <testcase classname="in.RedBus.BookingBus" name="enterFrom" time="1.667"/>
  <testcase classname="in.RedBus.BookingBus" name="enterTo" time="0.894"/>
  <testcase classname="in.RedBus.BookingBus" name="enterDate" time="0.132"/>
  <testcase classname="in.RedBus.BookingBus" name="toggleWomensonly" time="0.154"/>
  <testcase classname="in.RedBus.BookingBus" name="searchBuses" time="0.593"/>
  <testcase classname="in.RedBus.BookingBus" name="busTitle" time="1.695"/>
</testsuite> <!-- Default test -->
