<?xml version="1.0" encoding="UTF-8"?>
<!-- Generated by org.testng.reporters.JUnitXMLReporter -->
<testsuite ignored="1" hostname="Aravinds-MacBook-Air.local" failures="0" tests="7" name="Default test" time="6.794" errors="0" timestamp="2025-11-07T18:11:45 IST">
  <testcase classname="in.RedBus.Booking" name="enterFrom" time="1.589"/>
  <testcase classname="in.RedBus.Booking" name="enterTo" time="0.791"/>
  <testcase classname="in.RedBus.Booking" name="enterDate" time="0.122"/>
  <testcase classname="in.RedBus.Booking" name="searchBuses" time="0.036"/>
  <testcase classname="in.RedBus.Booking" name="busTitle" time="1.684"/>
  <testcase classname="in.RedBus.Booking" name="busTitle" time="0.04"/>
  <testcase classname="in.RedBus.Booking" name="busTitle" time="0.038"/>
  <testcase classname="in.RedBus.Booking" name="toggleWomensonly" time="0.0">
    <ignored/>
  </testcase> <!-- toggleWomensonly -->
</testsuite> <!-- Default test -->
