<?xml version="1.0" encoding="UTF-8"?>
<!-- Generated by org.testng.reporters.JUnitXMLReporter -->
<testsuite hostname="Aravinds-MacBook-Air.local" failures="0" tests="6" name="Test1" time="8.085" errors="0" timestamp="11 Nov 2025 16:39:45 GMT">
  <testcase classname="in.RedBus.BookingBus" name="enterFrom" time="1.912"/>
  <testcase classname="in.RedBus.BookingBus" name="enterTo" time="0.768"/>
  <testcase classname="in.RedBus.BookingBus" name="enterDate" time="0.138"/>
  <testcase classname="in.RedBus.BookingBus" name="toggleWomensonly" time="0.141"/>
  <testcase classname="in.RedBus.BookingBus" name="searchBuses" time="0.808"/>
  <testcase classname="in.RedBus.BookingBus" name="busTitle" time="1.734"/>
</testsuite> <!-- Test1 -->
