<?xml version="1.0" encoding="UTF-8"?>
<!-- Generated by org.testng.reporters.JUnitReportReporter -->
<testsuite hostname="Aravinds-MacBook-Air.local" failures="0" tests="6" name="in.RedBus.BookingBus" time="5.173" errors="0" timestamp="11 Nov 2025 16:04:25 GMT">
  <testcase classname="in.RedBus.BookingBus" name="enterDate" time="0.131"/>
  <testcase classname="in.RedBus.BookingBus" name="enterFrom" time="1.886"/>
  <testcase classname="in.RedBus.BookingBus" name="enterTo" time="0.810"/>
  <testcase classname="in.RedBus.BookingBus" name="searchBuses" time="0.546"/>
  <testcase classname="in.RedBus.BookingBus" name="busTitle" time="1.703"/>
  <testcase classname="in.RedBus.BookingBus" name="toggleWomensonly" time="0.097"/>
</testsuite> <!-- in.RedBus.BookingBus -->
