<?xml version="1.0" encoding="UTF-8"?>
<!-- Generated by org.testng.reporters.JUnitReportReporter -->
<testsuite hostname="Aravinds-MacBook-Air.local" failures="0" tests="8" name="in.RedBus.Booking" time="4.135" errors="0" timestamp="2025-11-07T22:53:27 IST" skipped="1">
  <testcase classname="in.RedBus.Booking" name="enterFrom" time="1.559"/>
  <testcase classname="in.RedBus.Booking" name="enterTo" time="0.851"/>
  <testcase classname="in.RedBus.Booking" name="enterDate" time="0.133"/>
  <testcase classname="in.RedBus.Booking" name="searchBuses" time="0.038"/>
  <testcase classname="in.RedBus.Booking" name="busTitle" time="1.466"/>
  <testcase classname="in.RedBus.Booking" name="busTitle" time="0.047"/>
  <testcase classname="in.RedBus.Booking" name="busTitle" time="0.041"/>
  <testcase classname="in.RedBus.Booking" name="toggleWomensonly">
    <skipped/>
  </testcase> <!-- toggleWomensonly -->
</testsuite> <!-- in.RedBus.Booking -->
