<?xml version="1.0" encoding="UTF-8"?>
<!-- Generated by org.testng.reporters.JUnitReportReporter -->
<testsuite hostname="Aravinds-MacBook-Air.local" failures="0" tests="8" name="in.RedBus.Booking" time="4.304" errors="0" timestamp="2025-11-07T18:11:46 IST" skipped="1">
  <testcase classname="in.RedBus.Booking" name="enterFrom" time="1.590"/>
  <testcase classname="in.RedBus.Booking" name="enterTo" time="0.791"/>
  <testcase classname="in.RedBus.Booking" name="enterDate" time="0.123"/>
  <testcase classname="in.RedBus.Booking" name="searchBuses" time="0.036"/>
  <testcase classname="in.RedBus.Booking" name="busTitle" time="0.039"/>
  <testcase classname="in.RedBus.Booking" name="busTitle" time="0.040"/>
  <testcase classname="in.RedBus.Booking" name="busTitle" time="1.685"/>
  <testcase classname="in.RedBus.Booking" name="toggleWomensonly">
    <skipped/>
  </testcase> <!-- toggleWomensonly -->
</testsuite> <!-- in.RedBus.Booking -->
