<?xml version="1.0" encoding="UTF-8"?>
<!-- Generated by org.testng.reporters.JUnitReportReporter -->
<testsuite hostname="Aravinds-MacBook-Air.local" failures="0" tests="6" name="in.RedBus.BookingBus" time="5.501" errors="0" timestamp="11 Nov 2025 16:40:00 GMT">
  <testcase classname="in.RedBus.BookingBus" name="enterFrom" time="1.912"/>
  <testcase classname="in.RedBus.BookingBus" name="enterDate" time="0.138"/>
  <testcase classname="in.RedBus.BookingBus" name="searchBuses" time="0.808"/>
  <testcase classname="in.RedBus.BookingBus" name="busTitle" time="1.734"/>
  <testcase classname="in.RedBus.BookingBus" name="enterTo" time="0.768"/>
  <testcase classname="in.RedBus.BookingBus" name="toggleWomensonly" time="0.141"/>
</testsuite> <!-- in.RedBus.BookingBus -->
